{"/Users/lukasarias/Documents/Laboratoria/Proyecto 5/DEV009-burger-queen-api-client/burger-queen/src/Services/LocalData.jsx": {"path":"/Users/lukasarias/Documents/Laboratoria/Proyecto 5/DEV009-burger-queen-api-client/burger-queen/src/Services/LocalData.jsx","statementMap":{"0":{"start":{"line":1,"column":13},"end":{"line":1,"column":21}},"1":{"start":{"line":7,"column":13},"end":{"line":7,"column":23}},"2":{"start":{"line":1,"column":24},"end":{"line":5,"column":null}},"3":{"start":{"line":2,"column":4},"end":{"line":2,"column":null}},"4":{"start":{"line":3,"column":4},"end":{"line":3,"column":null}},"5":{"start":{"line":4,"column":4},"end":{"line":4,"column":null}},"6":{"start":{"line":7,"column":26},"end":{"line":11,"column":null}},"7":{"start":{"line":8,"column":4},"end":{"line":8,"column":null}},"8":{"start":{"line":9,"column":4},"end":{"line":9,"column":null}},"9":{"start":{"line":10,"column":4},"end":{"line":10,"column":null}}},"fnMap":{"0":{"name":"(anonymous_3)","decl":{"start":{"line":1,"column":24},"end":{"line":1,"column":25}},"loc":{"start":{"line":1,"column":38},"end":{"line":5,"column":null}}},"1":{"name":"(anonymous_4)","decl":{"start":{"line":7,"column":26},"end":{"line":7,"column":27}},"loc":{"start":{"line":7,"column":40},"end":{"line":11,"column":null}}}},"branchMap":{},"s":{"0":4,"1":1,"2":2,"3":4,"4":4,"5":4,"6":2,"7":1,"8":1,"9":1},"f":{"0":4,"1":1},"b":{}}
,"/Users/lukasarias/Documents/Laboratoria/Proyecto 5/DEV009-burger-queen-api-client/burger-queen/src/components/AddProduct/AddProduct.jsx": {"path":"/Users/lukasarias/Documents/Laboratoria/Proyecto 5/DEV009-burger-queen-api-client/burger-queen/src/components/AddProduct/AddProduct.jsx","statementMap":{"0":{"start":{"line":8,"column":24},"end":{"line":8,"column":35}},"1":{"start":{"line":1,"column":25},"end":{"line":1,"column":null}},"2":{"start":{"line":2,"column":29},"end":{"line":2,"column":null}},"3":{"start":{"line":3,"column":27},"end":{"line":3,"column":null}},"4":{"start":{"line":4,"column":18},"end":{"line":4,"column":null}},"5":{"start":{"line":5,"column":18},"end":{"line":5,"column":null}},"6":{"start":{"line":6,"column":28},"end":{"line":6,"column":null}},"7":{"start":{"line":9,"column":28},"end":{"line":9,"column":null}},"8":{"start":{"line":10,"column":32},"end":{"line":10,"column":null}},"9":{"start":{"line":11,"column":32},"end":{"line":11,"column":null}},"10":{"start":{"line":12,"column":34},"end":{"line":12,"column":null}},"11":{"start":{"line":13,"column":28},"end":{"line":13,"column":null}},"12":{"start":{"line":15,"column":15},"end":{"line":20,"column":null}},"13":{"start":{"line":23,"column":4},"end":{"line":37,"column":null}},"14":{"start":{"line":25,"column":8},"end":{"line":27,"column":null}},"15":{"start":{"line":26,"column":10},"end":{"line":26,"column":null}},"16":{"start":{"line":28,"column":8},"end":{"line":28,"column":null}},"17":{"start":{"line":31,"column":8},"end":{"line":31,"column":null}},"18":{"start":{"line":32,"column":8},"end":{"line":32,"column":null}},"19":{"start":{"line":33,"column":8},"end":{"line":33,"column":null}},"20":{"start":{"line":36,"column":8},"end":{"line":36,"column":null}},"21":{"start":{"line":53,"column":27},"end":{"line":53,"column":null}},"22":{"start":{"line":70,"column":27},"end":{"line":70,"column":null}},"23":{"start":{"line":78,"column":27},"end":{"line":78,"column":null}},"24":{"start":{"line":91,"column":27},"end":{"line":91,"column":null}},"25":{"start":{"line":98,"column":0},"end":{"line":102,"column":null}}},"fnMap":{"0":{"name":"AddProduct","decl":{"start":{"line":8,"column":24},"end":{"line":8,"column":35}},"loc":{"start":{"line":8,"column":60},"end":{"line":96,"column":null}}},"1":{"name":"addNewProduct","decl":{"start":{"line":22,"column":11},"end":{"line":22,"column":null}},"loc":{"start":{"line":22,"column":11},"end":{"line":38,"column":null}}},"2":{"name":"(anonymous_4)","decl":{"start":{"line":24,"column":12},"end":{"line":24,"column":13}},"loc":{"start":{"line":24,"column":13},"end":{"line":29,"column":null}}},"3":{"name":"(anonymous_5)","decl":{"start":{"line":30,"column":12},"end":{"line":30,"column":13}},"loc":{"start":{"line":30,"column":13},"end":{"line":34,"column":null}}},"4":{"name":"(anonymous_6)","decl":{"start":{"line":35,"column":13},"end":{"line":35,"column":null}},"loc":{"start":{"line":35,"column":13},"end":{"line":37,"column":null}}},"5":{"name":"(anonymous_7)","decl":{"start":{"line":53,"column":20},"end":{"line":53,"column":21}},"loc":{"start":{"line":53,"column":27},"end":{"line":53,"column":null}}},"6":{"name":"(anonymous_8)","decl":{"start":{"line":70,"column":20},"end":{"line":70,"column":21}},"loc":{"start":{"line":70,"column":27},"end":{"line":70,"column":null}}},"7":{"name":"(anonymous_9)","decl":{"start":{"line":78,"column":20},"end":{"line":78,"column":21}},"loc":{"start":{"line":78,"column":27},"end":{"line":78,"column":null}}},"8":{"name":"(anonymous_10)","decl":{"start":{"line":91,"column":20},"end":{"line":91,"column":21}},"loc":{"start":{"line":91,"column":27},"end":{"line":91,"column":null}}}},"branchMap":{"0":{"loc":{"start":{"line":25,"column":8},"end":{"line":27,"column":null}},"type":"if","locations":[{"start":{"line":25,"column":8},"end":{"line":27,"column":null}}]},"1":{"loc":{"start":{"line":55,"column":9},"end":{"line":55,"column":null}},"type":"binary-expr","locations":[{"start":{"line":55,"column":9},"end":{"line":55,"column":null}}]}},"s":{"0":3,"1":1,"2":1,"3":1,"4":1,"5":1,"6":1,"7":13,"8":13,"9":13,"10":13,"11":13,"12":13,"13":3,"14":2,"15":1,"16":2,"17":2,"18":2,"19":2,"20":1,"21":2,"22":2,"23":2,"24":2,"25":1},"f":{"0":13,"1":3,"2":2,"3":2,"4":1,"5":2,"6":2,"7":2,"8":2},"b":{"0":[1],"1":[13]}}
,"/Users/lukasarias/Documents/Laboratoria/Proyecto 5/DEV009-burger-queen-api-client/burger-queen/src/components/AddUser/AddUser.jsx": {"path":"/Users/lukasarias/Documents/Laboratoria/Proyecto 5/DEV009-burger-queen-api-client/burger-queen/src/components/AddUser/AddUser.jsx","statementMap":{"0":{"start":{"line":8,"column":24},"end":{"line":8,"column":32}},"1":{"start":{"line":1,"column":25},"end":{"line":1,"column":null}},"2":{"start":{"line":2,"column":29},"end":{"line":2,"column":null}},"3":{"start":{"line":3,"column":25},"end":{"line":3,"column":null}},"4":{"start":{"line":4,"column":18},"end":{"line":4,"column":null}},"5":{"start":{"line":5,"column":18},"end":{"line":5,"column":null}},"6":{"start":{"line":6,"column":28},"end":{"line":6,"column":null}},"7":{"start":{"line":9,"column":28},"end":{"line":9,"column":null}},"8":{"start":{"line":10,"column":32},"end":{"line":10,"column":null}},"9":{"start":{"line":11,"column":34},"end":{"line":11,"column":null}},"10":{"start":{"line":12,"column":40},"end":{"line":12,"column":null}},"11":{"start":{"line":13,"column":32},"end":{"line":13,"column":null}},"12":{"start":{"line":14,"column":28},"end":{"line":14,"column":null}},"13":{"start":{"line":16,"column":15},"end":{"line":22,"column":null}},"14":{"start":{"line":25,"column":4},"end":{"line":41,"column":null}},"15":{"start":{"line":27,"column":8},"end":{"line":37,"column":null}},"16":{"start":{"line":28,"column":10},"end":{"line":28,"column":null}},"17":{"start":{"line":29,"column":15},"end":{"line":37,"column":null}},"18":{"start":{"line":30,"column":10},"end":{"line":30,"column":null}},"19":{"start":{"line":32,"column":10},"end":{"line":36,"column":null}},"20":{"start":{"line":34,"column":14},"end":{"line":34,"column":null}},"21":{"start":{"line":35,"column":14},"end":{"line":35,"column":null}},"22":{"start":{"line":40,"column":8},"end":{"line":40,"column":null}},"23":{"start":{"line":58,"column":29},"end":{"line":58,"column":null}},"24":{"start":{"line":67,"column":29},"end":{"line":67,"column":null}},"25":{"start":{"line":78,"column":29},"end":{"line":78,"column":null}},"26":{"start":{"line":87,"column":29},"end":{"line":87,"column":null}},"27":{"start":{"line":96,"column":27},"end":{"line":96,"column":null}},"28":{"start":{"line":116,"column":0},"end":{"line":120,"column":null}}},"fnMap":{"0":{"name":"AddUser","decl":{"start":{"line":8,"column":24},"end":{"line":8,"column":32}},"loc":{"start":{"line":8,"column":57},"end":{"line":114,"column":null}}},"1":{"name":"handleAddNewUser","decl":{"start":{"line":24,"column":11},"end":{"line":24,"column":null}},"loc":{"start":{"line":24,"column":11},"end":{"line":42,"column":null}}},"2":{"name":"(anonymous_4)","decl":{"start":{"line":26,"column":12},"end":{"line":26,"column":13}},"loc":{"start":{"line":26,"column":13},"end":{"line":38,"column":null}}},"3":{"name":"(anonymous_5)","decl":{"start":{"line":33,"column":16},"end":{"line":33,"column":17}},"loc":{"start":{"line":33,"column":17},"end":{"line":36,"column":null}}},"4":{"name":"(anonymous_6)","decl":{"start":{"line":39,"column":13},"end":{"line":39,"column":null}},"loc":{"start":{"line":39,"column":13},"end":{"line":41,"column":null}}},"5":{"name":"(anonymous_7)","decl":{"start":{"line":58,"column":22},"end":{"line":58,"column":23}},"loc":{"start":{"line":58,"column":29},"end":{"line":58,"column":null}}},"6":{"name":"(anonymous_8)","decl":{"start":{"line":67,"column":22},"end":{"line":67,"column":23}},"loc":{"start":{"line":67,"column":29},"end":{"line":67,"column":null}}},"7":{"name":"(anonymous_9)","decl":{"start":{"line":78,"column":22},"end":{"line":78,"column":23}},"loc":{"start":{"line":78,"column":29},"end":{"line":78,"column":null}}},"8":{"name":"(anonymous_10)","decl":{"start":{"line":87,"column":22},"end":{"line":87,"column":23}},"loc":{"start":{"line":87,"column":29},"end":{"line":87,"column":null}}},"9":{"name":"(anonymous_11)","decl":{"start":{"line":96,"column":20},"end":{"line":96,"column":21}},"loc":{"start":{"line":96,"column":27},"end":{"line":96,"column":null}}}},"branchMap":{"0":{"loc":{"start":{"line":27,"column":8},"end":{"line":37,"column":null}},"type":"if","locations":[{"start":{"line":27,"column":8},"end":{"line":37,"column":null}},{"start":{"line":29,"column":15},"end":{"line":37,"column":null}}]},"1":{"loc":{"start":{"line":29,"column":15},"end":{"line":37,"column":null}},"type":"if","locations":[{"start":{"line":29,"column":15},"end":{"line":37,"column":null}},{"start":{"line":31,"column":15},"end":{"line":37,"column":null}}]},"2":{"loc":{"start":{"line":104,"column":7},"end":{"line":104,"column":null}},"type":"binary-expr","locations":[{"start":{"line":104,"column":7},"end":{"line":104,"column":null}}]}},"s":{"0":4,"1":1,"2":1,"3":1,"4":1,"5":1,"6":1,"7":12,"8":12,"9":12,"10":12,"11":12,"12":12,"13":12,"14":4,"15":3,"16":1,"17":2,"18":1,"19":1,"20":1,"21":1,"22":1,"23":1,"24":1,"25":1,"26":1,"27":1,"28":1},"f":{"0":12,"1":4,"2":3,"3":1,"4":1,"5":1,"6":1,"7":1,"8":1,"9":1},"b":{"0":[1,2],"1":[1,1],"2":[12]}}
,"/Users/lukasarias/Documents/Laboratoria/Proyecto 5/DEV009-burger-queen-api-client/burger-queen/src/components/AllOrdersTable/AllOrdersTable.jsx": {"path":"/Users/lukasarias/Documents/Laboratoria/Proyecto 5/DEV009-burger-queen-api-client/burger-queen/src/components/AllOrdersTable/AllOrdersTable.jsx","statementMap":{"0":{"start":{"line":10,"column":24},"end":{"line":10,"column":null}},"1":{"start":{"line":1,"column":18},"end":{"line":1,"column":null}},"2":{"start":{"line":2,"column":25},"end":{"line":2,"column":null}},"3":{"start":{"line":3,"column":23},"end":{"line":3,"column":null}},"4":{"start":{"line":4,"column":36},"end":{"line":4,"column":null}},"5":{"start":{"line":5,"column":26},"end":{"line":5,"column":null}},"6":{"start":{"line":6,"column":24},"end":{"line":6,"column":null}},"7":{"start":{"line":7,"column":21},"end":{"line":7,"column":null}},"8":{"start":{"line":8,"column":24},"end":{"line":8,"column":null}},"9":{"start":{"line":11,"column":16},"end":{"line":11,"column":null}},"10":{"start":{"line":12,"column":15},"end":{"line":12,"column":null}},"11":{"start":{"line":13,"column":22},"end":{"line":13,"column":null}},"12":{"start":{"line":14,"column":30},"end":{"line":14,"column":null}},"13":{"start":{"line":15,"column":48},"end":{"line":15,"column":null}},"14":{"start":{"line":16,"column":48},"end":{"line":16,"column":null}},"15":{"start":{"line":19,"column":4},"end":{"line":30,"column":null}},"16":{"start":{"line":21,"column":8},"end":{"line":23,"column":null}},"17":{"start":{"line":22,"column":10},"end":{"line":22,"column":null}},"18":{"start":{"line":26,"column":8},"end":{"line":26,"column":null}},"19":{"start":{"line":29,"column":8},"end":{"line":29,"column":null}},"20":{"start":{"line":33,"column":2},"end":{"line":35,"column":null}},"21":{"start":{"line":34,"column":4},"end":{"line":34,"column":null}},"22":{"start":{"line":37,"column":27},"end":{"line":40,"column":null}},"23":{"start":{"line":38,"column":4},"end":{"line":38,"column":null}},"24":{"start":{"line":39,"column":4},"end":{"line":39,"column":null}},"25":{"start":{"line":42,"column":28},"end":{"line":45,"column":null}},"26":{"start":{"line":43,"column":4},"end":{"line":43,"column":null}},"27":{"start":{"line":44,"column":4},"end":{"line":44,"column":null}},"28":{"start":{"line":47,"column":23},"end":{"line":55,"column":null}},"29":{"start":{"line":48,"column":4},"end":{"line":54,"column":null}},"30":{"start":{"line":49,"column":28},"end":{"line":50,"column":null}},"31":{"start":{"line":50,"column":19},"end":{"line":50,"column":null}},"32":{"start":{"line":52,"column":6},"end":{"line":52,"column":null}},"33":{"start":{"line":53,"column":6},"end":{"line":53,"column":null}},"34":{"start":{"line":76,"column":27},"end":{"line":76,"column":null}},"35":{"start":{"line":95,"column":14},"end":{"line":95,"column":null}},"36":{"start":{"line":101,"column":22},"end":{"line":101,"column":null}},"37":{"start":{"line":126,"column":37},"end":{"line":126,"column":null}}},"fnMap":{"0":{"name":"AllOrders","decl":{"start":{"line":10,"column":24},"end":{"line":10,"column":null}},"loc":{"start":{"line":10,"column":24},"end":{"line":149,"column":null}}},"1":{"name":"getAllOrders","decl":{"start":{"line":18,"column":11},"end":{"line":18,"column":24}},"loc":{"start":{"line":18,"column":29},"end":{"line":31,"column":null}}},"2":{"name":"(anonymous_4)","decl":{"start":{"line":20,"column":12},"end":{"line":20,"column":13}},"loc":{"start":{"line":20,"column":13},"end":{"line":24,"column":null}}},"3":{"name":"(anonymous_5)","decl":{"start":{"line":25,"column":12},"end":{"line":25,"column":13}},"loc":{"start":{"line":25,"column":13},"end":{"line":27,"column":null}}},"4":{"name":"(anonymous_6)","decl":{"start":{"line":28,"column":13},"end":{"line":28,"column":null}},"loc":{"start":{"line":28,"column":13},"end":{"line":30,"column":null}}},"5":{"name":"(anonymous_7)","decl":{"start":{"line":33,"column":12},"end":{"line":33,"column":null}},"loc":{"start":{"line":33,"column":12},"end":{"line":35,"column":5}}},"6":{"name":"(anonymous_8)","decl":{"start":{"line":37,"column":27},"end":{"line":37,"column":28}},"loc":{"start":{"line":37,"column":28},"end":{"line":40,"column":null}}},"7":{"name":"(anonymous_9)","decl":{"start":{"line":42,"column":28},"end":{"line":42,"column":null}},"loc":{"start":{"line":42,"column":28},"end":{"line":45,"column":null}}},"8":{"name":"(anonymous_10)","decl":{"start":{"line":47,"column":23},"end":{"line":47,"column":null}},"loc":{"start":{"line":47,"column":23},"end":{"line":55,"column":null}}},"9":{"name":"(anonymous_11)","decl":{"start":{"line":50,"column":8},"end":{"line":50,"column":9}},"loc":{"start":{"line":50,"column":19},"end":{"line":50,"column":null}}},"10":{"name":"(anonymous_12)","decl":{"start":{"line":76,"column":21},"end":{"line":76,"column":27}},"loc":{"start":{"line":76,"column":27},"end":{"line":76,"column":null}}},"11":{"name":"(anonymous_13)","decl":{"start":{"line":94,"column":24},"end":{"line":94,"column":25}},"loc":{"start":{"line":95,"column":14},"end":{"line":95,"column":null}}},"12":{"name":"(anonymous_14)","decl":{"start":{"line":100,"column":40},"end":{"line":100,"column":41}},"loc":{"start":{"line":101,"column":22},"end":{"line":101,"column":null}}},"13":{"name":"(anonymous_15)","decl":{"start":{"line":126,"column":31},"end":{"line":126,"column":37}},"loc":{"start":{"line":126,"column":37},"end":{"line":126,"column":null}}}},"branchMap":{"0":{"loc":{"start":{"line":21,"column":8},"end":{"line":23,"column":null}},"type":"if","locations":[{"start":{"line":21,"column":8},"end":{"line":23,"column":null}}]},"1":{"loc":{"start":{"line":48,"column":4},"end":{"line":54,"column":null}},"type":"if","locations":[{"start":{"line":48,"column":4},"end":{"line":54,"column":null}}]},"2":{"loc":{"start":{"line":65,"column":11},"end":{"line":70,"column":null}},"type":"cond-expr","locations":[{"start":{"line":67,"column":12},"end":{"line":70,"column":null}},{"start":{"line":70,"column":14},"end":{"line":70,"column":null}}]},"3":{"loc":{"start":{"line":112,"column":19},"end":{"line":112,"column":null}},"type":"binary-expr","locations":[{"start":{"line":112,"column":19},"end":{"line":112,"column":38}},{"start":{"line":112,"column":42},"end":{"line":112,"column":null}}]},"4":{"loc":{"start":{"line":115,"column":19},"end":{"line":123,"column":null}},"type":"cond-expr","locations":[{"start":{"line":116,"column":20},"end":{"line":123,"column":null}},{"start":{"line":123,"column":22},"end":{"line":123,"column":null}}]},"5":{"loc":{"start":{"line":124,"column":19},"end":{"line":132,"column":null}},"type":"cond-expr","locations":[{"start":{"line":125,"column":20},"end":{"line":132,"column":null}},{"start":{"line":132,"column":22},"end":{"line":132,"column":null}}]},"6":{"loc":{"start":{"line":124,"column":19},"end":{"line":124,"column":null}},"type":"binary-expr","locations":[{"start":{"line":124,"column":19},"end":{"line":124,"column":39}},{"start":{"line":124,"column":39},"end":{"line":124,"column":null}}]},"7":{"loc":{"start":{"line":133,"column":19},"end":{"line":133,"column":null}},"type":"binary-expr","locations":[{"start":{"line":133,"column":19},"end":{"line":133,"column":null}}]}},"s":{"0":3,"1":1,"2":1,"3":1,"4":1,"5":1,"6":1,"7":1,"8":1,"9":9,"10":9,"11":9,"12":8,"13":8,"14":8,"15":4,"16":4,"17":4,"18":4,"19":0,"20":8,"21":3,"22":8,"23":1,"24":1,"25":8,"26":2,"27":2,"28":8,"29":1,"30":1,"31":1,"32":1,"33":1,"34":1,"35":4,"36":4,"37":1},"f":{"0":9,"1":4,"2":4,"3":4,"4":0,"5":3,"6":1,"7":2,"8":1,"9":1,"10":1,"11":4,"12":4,"13":1},"b":{"0":[4],"1":[1],"2":[0,8],"3":[4,0],"4":[4,0],"5":[4,0],"6":[4,0],"7":[4]}}
,"/Users/lukasarias/Documents/Laboratoria/Proyecto 5/DEV009-burger-queen-api-client/burger-queen/src/components/DeleteOrder/DeleteOrder.jsx": {"path":"/Users/lukasarias/Documents/Laboratoria/Proyecto 5/DEV009-burger-queen-api-client/burger-queen/src/components/DeleteOrder/DeleteOrder.jsx","statementMap":{"0":{"start":{"line":5,"column":24},"end":{"line":5,"column":36}},"1":{"start":{"line":1,"column":37},"end":{"line":1,"column":null}},"2":{"start":{"line":2,"column":18},"end":{"line":2,"column":null}},"3":{"start":{"line":3,"column":28},"end":{"line":3,"column":null}},"4":{"start":{"line":8,"column":4},"end":{"line":14,"column":null}},"5":{"start":{"line":10,"column":6},"end":{"line":13,"column":null}},"6":{"start":{"line":11,"column":8},"end":{"line":11,"column":null}},"7":{"start":{"line":12,"column":8},"end":{"line":12,"column":null}},"8":{"start":{"line":33,"column":0},"end":{"line":38,"column":null}}},"fnMap":{"0":{"name":"DeleteOrder","decl":{"start":{"line":5,"column":24},"end":{"line":5,"column":36}},"loc":{"start":{"line":5,"column":68},"end":{"line":31,"column":null}}},"1":{"name":"deleteOrderById","decl":{"start":{"line":7,"column":11},"end":{"line":7,"column":null}},"loc":{"start":{"line":7,"column":11},"end":{"line":15,"column":null}}},"2":{"name":"(anonymous_4)","decl":{"start":{"line":9,"column":10},"end":{"line":9,"column":11}},"loc":{"start":{"line":9,"column":11},"end":{"line":14,"column":null}}}},"branchMap":{"0":{"loc":{"start":{"line":10,"column":6},"end":{"line":13,"column":null}},"type":"if","locations":[{"start":{"line":10,"column":6},"end":{"line":13,"column":null}}]}},"s":{"0":1,"1":1,"2":1,"3":1,"4":1,"5":1,"6":1,"7":1,"8":1},"f":{"0":1,"1":1,"2":1},"b":{"0":[1]}}
,"/Users/lukasarias/Documents/Laboratoria/Proyecto 5/DEV009-burger-queen-api-client/burger-queen/src/components/EditProduct/EditProduct.jsx": {"path":"/Users/lukasarias/Documents/Laboratoria/Proyecto 5/DEV009-burger-queen-api-client/burger-queen/src/components/EditProduct/EditProduct.jsx","statementMap":{"0":{"start":{"line":6,"column":24},"end":{"line":6,"column":36}},"1":{"start":{"line":1,"column":37},"end":{"line":1,"column":null}},"2":{"start":{"line":2,"column":25},"end":{"line":2,"column":null}},"3":{"start":{"line":3,"column":18},"end":{"line":3,"column":null}},"4":{"start":{"line":4,"column":18},"end":{"line":4,"column":null}},"5":{"start":{"line":5,"column":28},"end":{"line":5,"column":null}},"6":{"start":{"line":15,"column":38},"end":{"line":15,"column":null}},"7":{"start":{"line":16,"column":38},"end":{"line":16,"column":null}},"8":{"start":{"line":17,"column":40},"end":{"line":17,"column":null}},"9":{"start":{"line":19,"column":22},"end":{"line":24,"column":null}},"10":{"start":{"line":27,"column":4},"end":{"line":36,"column":null}},"11":{"start":{"line":29,"column":8},"end":{"line":32,"column":null}},"12":{"start":{"line":30,"column":10},"end":{"line":30,"column":null}},"13":{"start":{"line":31,"column":10},"end":{"line":31,"column":null}},"14":{"start":{"line":35,"column":8},"end":{"line":35,"column":null}},"15":{"start":{"line":63,"column":29},"end":{"line":63,"column":null}},"16":{"start":{"line":71,"column":29},"end":{"line":71,"column":null}},"17":{"start":{"line":85,"column":29},"end":{"line":85,"column":null}},"18":{"start":{"line":92,"column":0},"end":{"line":100,"column":null}}},"fnMap":{"0":{"name":"EditProduct","decl":{"start":{"line":6,"column":24},"end":{"line":6,"column":36}},"loc":{"start":{"line":14,"column":1},"end":{"line":91,"column":null}}},"1":{"name":"editProductById","decl":{"start":{"line":26,"column":11},"end":{"line":26,"column":null}},"loc":{"start":{"line":26,"column":11},"end":{"line":37,"column":null}}},"2":{"name":"(anonymous_4)","decl":{"start":{"line":28,"column":12},"end":{"line":28,"column":13}},"loc":{"start":{"line":28,"column":13},"end":{"line":33,"column":null}}},"3":{"name":"(anonymous_5)","decl":{"start":{"line":34,"column":13},"end":{"line":34,"column":14}},"loc":{"start":{"line":34,"column":14},"end":{"line":36,"column":null}}},"4":{"name":"(anonymous_6)","decl":{"start":{"line":63,"column":22},"end":{"line":63,"column":23}},"loc":{"start":{"line":63,"column":29},"end":{"line":63,"column":null}}},"5":{"name":"(anonymous_7)","decl":{"start":{"line":71,"column":22},"end":{"line":71,"column":23}},"loc":{"start":{"line":71,"column":29},"end":{"line":71,"column":null}}},"6":{"name":"(anonymous_8)","decl":{"start":{"line":85,"column":22},"end":{"line":85,"column":23}},"loc":{"start":{"line":85,"column":29},"end":{"line":85,"column":null}}}},"branchMap":{"0":{"loc":{"start":{"line":29,"column":8},"end":{"line":32,"column":null}},"type":"if","locations":[{"start":{"line":29,"column":8},"end":{"line":32,"column":null}}]}},"s":{"0":2,"1":1,"2":1,"3":1,"4":1,"5":1,"6":5,"7":5,"8":5,"9":5,"10":2,"11":2,"12":1,"13":1,"14":0,"15":1,"16":1,"17":1,"18":1},"f":{"0":5,"1":2,"2":2,"3":0,"4":1,"5":1,"6":1},"b":{"0":[1]}}
,"/Users/lukasarias/Documents/Laboratoria/Proyecto 5/DEV009-burger-queen-api-client/burger-queen/src/components/Header/Header.jsx": {"path":"/Users/lukasarias/Documents/Laboratoria/Proyecto 5/DEV009-burger-queen-api-client/burger-queen/src/components/Header/Header.jsx","statementMap":{"0":{"start":{"line":7,"column":24},"end":{"line":7,"column":null}},"1":{"start":{"line":1,"column":18},"end":{"line":1,"column":null}},"2":{"start":{"line":2,"column":17},"end":{"line":2,"column":null}},"3":{"start":{"line":3,"column":21},"end":{"line":3,"column":null}},"4":{"start":{"line":4,"column":24},"end":{"line":4,"column":null}},"5":{"start":{"line":5,"column":28},"end":{"line":5,"column":null}},"6":{"start":{"line":9,"column":21},"end":{"line":9,"column":null}},"7":{"start":{"line":10,"column":21},"end":{"line":10,"column":null}},"8":{"start":{"line":13,"column":8},"end":{"line":13,"column":null}},"9":{"start":{"line":14,"column":8},"end":{"line":14,"column":null}},"10":{"start":{"line":15,"column":8},"end":{"line":15,"column":null}},"11":{"start":{"line":16,"column":8},"end":{"line":16,"column":null}}},"fnMap":{"0":{"name":"Header","decl":{"start":{"line":7,"column":24},"end":{"line":7,"column":null}},"loc":{"start":{"line":7,"column":24},"end":{"line":36,"column":null}}},"1":{"name":"signOut","decl":{"start":{"line":12,"column":13},"end":{"line":12,"column":null}},"loc":{"start":{"line":12,"column":13},"end":{"line":17,"column":null}}}},"branchMap":{},"s":{"0":2,"1":1,"2":1,"3":1,"4":1,"5":1,"6":2,"7":2,"8":1,"9":1,"10":1,"11":1},"f":{"0":2,"1":1},"b":{}}
,"/Users/lukasarias/Documents/Laboratoria/Proyecto 5/DEV009-burger-queen-api-client/burger-queen/src/components/LoginForm/LoginForm.jsx": {"path":"/Users/lukasarias/Documents/Laboratoria/Proyecto 5/DEV009-burger-queen-api-client/burger-queen/src/components/LoginForm/LoginForm.jsx","statementMap":{"0":{"start":{"line":8,"column":24},"end":{"line":8,"column":null}},"1":{"start":{"line":1,"column":25},"end":{"line":1,"column":null}},"2":{"start":{"line":2,"column":28},"end":{"line":2,"column":null}},"3":{"start":{"line":3,"column":21},"end":{"line":3,"column":null}},"4":{"start":{"line":4,"column":18},"end":{"line":4,"column":null}},"5":{"start":{"line":5,"column":25},"end":{"line":5,"column":null}},"6":{"start":{"line":6,"column":28},"end":{"line":6,"column":null}},"7":{"start":{"line":9,"column":30},"end":{"line":9,"column":null}},"8":{"start":{"line":10,"column":36},"end":{"line":10,"column":null}},"9":{"start":{"line":11,"column":30},"end":{"line":11,"column":null}},"10":{"start":{"line":13,"column":23},"end":{"line":13,"column":null}},"11":{"start":{"line":16,"column":8},"end":{"line":16,"column":null}},"12":{"start":{"line":17,"column":8},"end":{"line":40,"column":null}},"13":{"start":{"line":19,"column":16},"end":{"line":22,"column":null}},"14":{"start":{"line":20,"column":20},"end":{"line":20,"column":null}},"15":{"start":{"line":21,"column":20},"end":{"line":21,"column":null}},"16":{"start":{"line":23,"column":16},"end":{"line":23,"column":null}},"17":{"start":{"line":26,"column":16},"end":{"line":26,"column":null}},"18":{"start":{"line":27,"column":16},"end":{"line":27,"column":null}},"19":{"start":{"line":30,"column":16},"end":{"line":36,"column":null}},"20":{"start":{"line":31,"column":20},"end":{"line":31,"column":null}},"21":{"start":{"line":32,"column":23},"end":{"line":36,"column":null}},"22":{"start":{"line":33,"column":20},"end":{"line":33,"column":null}},"23":{"start":{"line":35,"column":20},"end":{"line":35,"column":null}},"24":{"start":{"line":39,"column":16},"end":{"line":39,"column":null}},"25":{"start":{"line":50,"column":33},"end":{"line":50,"column":null}},"26":{"start":{"line":57,"column":33},"end":{"line":57,"column":null}}},"fnMap":{"0":{"name":"LoginForm","decl":{"start":{"line":8,"column":24},"end":{"line":8,"column":null}},"loc":{"start":{"line":8,"column":24},"end":{"line":67,"column":null}}},"1":{"name":"userAuth","decl":{"start":{"line":15,"column":13},"end":{"line":15,"column":22}},"loc":{"start":{"line":15,"column":23},"end":{"line":41,"column":null}}},"2":{"name":"(anonymous_4)","decl":{"start":{"line":18,"column":18},"end":{"line":18,"column":19}},"loc":{"start":{"line":18,"column":19},"end":{"line":24,"column":null}}},"3":{"name":"(anonymous_5)","decl":{"start":{"line":25,"column":18},"end":{"line":25,"column":19}},"loc":{"start":{"line":25,"column":19},"end":{"line":28,"column":null}}},"4":{"name":"(anonymous_6)","decl":{"start":{"line":29,"column":18},"end":{"line":29,"column":19}},"loc":{"start":{"line":29,"column":19},"end":{"line":37,"column":null}}},"5":{"name":"(anonymous_7)","decl":{"start":{"line":38,"column":19},"end":{"line":38,"column":null}},"loc":{"start":{"line":38,"column":19},"end":{"line":40,"column":null}}},"6":{"name":"(anonymous_8)","decl":{"start":{"line":50,"column":26},"end":{"line":50,"column":27}},"loc":{"start":{"line":50,"column":33},"end":{"line":50,"column":null}}},"7":{"name":"(anonymous_9)","decl":{"start":{"line":57,"column":26},"end":{"line":57,"column":27}},"loc":{"start":{"line":57,"column":33},"end":{"line":57,"column":null}}}},"branchMap":{"0":{"loc":{"start":{"line":19,"column":16},"end":{"line":22,"column":null}},"type":"if","locations":[{"start":{"line":19,"column":16},"end":{"line":22,"column":null}}]},"1":{"loc":{"start":{"line":30,"column":16},"end":{"line":36,"column":null}},"type":"if","locations":[{"start":{"line":30,"column":16},"end":{"line":36,"column":null}},{"start":{"line":32,"column":23},"end":{"line":36,"column":null}}]},"2":{"loc":{"start":{"line":30,"column":20},"end":{"line":30,"column":68}},"type":"binary-expr","locations":[{"start":{"line":30,"column":20},"end":{"line":30,"column":45}},{"start":{"line":30,"column":45},"end":{"line":30,"column":68}}]},"3":{"loc":{"start":{"line":32,"column":23},"end":{"line":36,"column":null}},"type":"if","locations":[{"start":{"line":32,"column":23},"end":{"line":36,"column":null}},{"start":{"line":34,"column":23},"end":{"line":36,"column":null}}]},"4":{"loc":{"start":{"line":60,"column":13},"end":{"line":60,"column":null}},"type":"binary-expr","locations":[{"start":{"line":60,"column":13},"end":{"line":60,"column":null}}]}},"s":{"0":4,"1":1,"2":1,"3":1,"4":1,"5":1,"6":1,"7":13,"8":13,"9":13,"10":13,"11":4,"12":4,"13":4,"14":1,"15":1,"16":3,"17":3,"18":3,"19":3,"20":1,"21":2,"22":1,"23":1,"24":1,"25":4,"26":4},"f":{"0":13,"1":4,"2":4,"3":3,"4":3,"5":1,"6":4,"7":4},"b":{"0":[1],"1":[1,2],"2":[3,2],"3":[1,1],"4":[13]}}
,"/Users/lukasarias/Documents/Laboratoria/Proyecto 5/DEV009-burger-queen-api-client/burger-queen/src/components/Modal/Modal.jsx": {"path":"/Users/lukasarias/Documents/Laboratoria/Proyecto 5/DEV009-burger-queen-api-client/burger-queen/src/components/Modal/Modal.jsx","statementMap":{"0":{"start":{"line":4,"column":24},"end":{"line":4,"column":30}},"1":{"start":{"line":1,"column":18},"end":{"line":1,"column":null}},"2":{"start":{"line":2,"column":35},"end":{"line":2,"column":null}},"3":{"start":{"line":62,"column":0},"end":{"line":68,"column":null}}},"fnMap":{"0":{"name":"Modal","decl":{"start":{"line":4,"column":24},"end":{"line":4,"column":30}},"loc":{"start":{"line":10,"column":1},"end":{"line":60,"column":null}}}},"branchMap":{"0":{"loc":{"start":{"line":28,"column":14},"end":{"line":32,"column":null}},"type":"cond-expr","locations":[{"start":{"line":29,"column":18},"end":{"line":29,"column":37}},{"start":{"line":30,"column":18},"end":{"line":32,"column":null}}]},"1":{"loc":{"start":{"line":28,"column":14},"end":{"line":28,"column":null}},"type":"binary-expr","locations":[{"start":{"line":28,"column":14},"end":{"line":28,"column":41}},{"start":{"line":28,"column":41},"end":{"line":28,"column":null}}]},"2":{"loc":{"start":{"line":30,"column":18},"end":{"line":32,"column":null}},"type":"cond-expr","locations":[{"start":{"line":31,"column":18},"end":{"line":31,"column":34}},{"start":{"line":32,"column":18},"end":{"line":32,"column":null}}]},"3":{"loc":{"start":{"line":30,"column":18},"end":{"line":30,"column":null}},"type":"binary-expr","locations":[{"start":{"line":30,"column":18},"end":{"line":30,"column":42}},{"start":{"line":30,"column":42},"end":{"line":30,"column":null}}]}},"s":{"0":31,"1":4,"2":4,"3":4},"f":{"0":31},"b":{"0":[18,13],"1":[31,18],"2":[12,1],"3":[13,1]}}
,"/Users/lukasarias/Documents/Laboratoria/Proyecto 5/DEV009-burger-queen-api-client/burger-queen/src/components/Navigate/Navigate.jsx": {"path":"/Users/lukasarias/Documents/Laboratoria/Proyecto 5/DEV009-burger-queen-api-client/burger-queen/src/components/Navigate/Navigate.jsx","statementMap":{"0":{"start":{"line":3,"column":24},"end":{"line":3,"column":35}},"1":{"start":{"line":1,"column":28},"end":{"line":1,"column":null}},"2":{"start":{"line":4,"column":21},"end":{"line":4,"column":null}},"3":{"start":{"line":6,"column":24},"end":{"line":8,"column":null}},"4":{"start":{"line":7,"column":8},"end":{"line":7,"column":null}},"5":{"start":{"line":10,"column":4},"end":{"line":10,"column":null}}},"fnMap":{"0":{"name":"NavigateTo","decl":{"start":{"line":3,"column":24},"end":{"line":3,"column":35}},"loc":{"start":{"line":3,"column":39},"end":{"line":11,"column":null}}},"1":{"name":"(anonymous_2)","decl":{"start":{"line":6,"column":24},"end":{"line":6,"column":null}},"loc":{"start":{"line":6,"column":24},"end":{"line":8,"column":null}}}},"branchMap":{},"s":{"0":9,"1":1,"2":9,"3":8,"4":0,"5":8},"f":{"0":9,"1":0},"b":{}}
}
