{"/Users/lukasarias/Documents/Laboratoria/Proyecto 5/DEV009-burger-queen-api-client/burger-queen/src/Services/LocalData.jsx": {"path":"/Users/lukasarias/Documents/Laboratoria/Proyecto 5/DEV009-burger-queen-api-client/burger-queen/src/Services/LocalData.jsx","statementMap":{"0":{"start":{"line":1,"column":13},"end":{"line":1,"column":21}},"1":{"start":{"line":6,"column":13},"end":{"line":6,"column":23}},"2":{"start":{"line":1,"column":24},"end":{"line":5,"column":null}},"3":{"start":{"line":2,"column":4},"end":{"line":2,"column":null}},"4":{"start":{"line":3,"column":4},"end":{"line":3,"column":null}},"5":{"start":{"line":4,"column":4},"end":{"line":4,"column":null}},"6":{"start":{"line":6,"column":26},"end":{"line":10,"column":null}},"7":{"start":{"line":7,"column":4},"end":{"line":7,"column":null}},"8":{"start":{"line":8,"column":4},"end":{"line":8,"column":null}},"9":{"start":{"line":9,"column":4},"end":{"line":9,"column":null}}},"fnMap":{"0":{"name":"(anonymous_3)","decl":{"start":{"line":1,"column":24},"end":{"line":1,"column":25}},"loc":{"start":{"line":1,"column":38},"end":{"line":5,"column":null}}},"1":{"name":"(anonymous_4)","decl":{"start":{"line":6,"column":26},"end":{"line":6,"column":27}},"loc":{"start":{"line":6,"column":40},"end":{"line":10,"column":null}}}},"branchMap":{},"s":{"0":1,"1":0,"2":1,"3":1,"4":1,"5":1,"6":1,"7":0,"8":0,"9":0},"f":{"0":1,"1":0},"b":{}}
,"/Users/lukasarias/Documents/Laboratoria/Proyecto 5/DEV009-burger-queen-api-client/burger-queen/src/components/LoginForm/LoginForm.jsx": {"path":"/Users/lukasarias/Documents/Laboratoria/Proyecto 5/DEV009-burger-queen-api-client/burger-queen/src/components/LoginForm/LoginForm.jsx","statementMap":{"0":{"start":{"line":8,"column":24},"end":{"line":8,"column":null}},"1":{"start":{"line":1,"column":25},"end":{"line":1,"column":null}},"2":{"start":{"line":2,"column":28},"end":{"line":2,"column":null}},"3":{"start":{"line":3,"column":21},"end":{"line":3,"column":null}},"4":{"start":{"line":4,"column":18},"end":{"line":4,"column":null}},"5":{"start":{"line":5,"column":25},"end":{"line":5,"column":null}},"6":{"start":{"line":6,"column":28},"end":{"line":6,"column":null}},"7":{"start":{"line":9,"column":30},"end":{"line":9,"column":null}},"8":{"start":{"line":10,"column":36},"end":{"line":10,"column":null}},"9":{"start":{"line":11,"column":30},"end":{"line":11,"column":null}},"10":{"start":{"line":13,"column":23},"end":{"line":13,"column":null}},"11":{"start":{"line":16,"column":8},"end":{"line":16,"column":null}},"12":{"start":{"line":17,"column":8},"end":{"line":42,"column":null}},"13":{"start":{"line":19,"column":36},"end":{"line":19,"column":null}},"14":{"start":{"line":20,"column":16},"end":{"line":23,"column":null}},"15":{"start":{"line":21,"column":20},"end":{"line":21,"column":null}},"16":{"start":{"line":22,"column":20},"end":{"line":22,"column":null}},"17":{"start":{"line":24,"column":16},"end":{"line":24,"column":null}},"18":{"start":{"line":27,"column":36},"end":{"line":27,"column":null}},"19":{"start":{"line":28,"column":16},"end":{"line":28,"column":null}},"20":{"start":{"line":29,"column":16},"end":{"line":29,"column":null}},"21":{"start":{"line":32,"column":16},"end":{"line":38,"column":null}},"22":{"start":{"line":33,"column":20},"end":{"line":33,"column":null}},"23":{"start":{"line":34,"column":23},"end":{"line":38,"column":null}},"24":{"start":{"line":35,"column":20},"end":{"line":35,"column":null}},"25":{"start":{"line":37,"column":20},"end":{"line":37,"column":null}},"26":{"start":{"line":41,"column":36},"end":{"line":41,"column":null}},"27":{"start":{"line":52,"column":33},"end":{"line":52,"column":null}},"28":{"start":{"line":59,"column":33},"end":{"line":59,"column":null}},"29":{"start":{"line":76,"column":38},"end":{"line":76,"column":37257}},"30":{"start":{"line":76,"column":42},"end":{"line":76,"column":37246}},"31":{"start":{"line":76,"column":37282},"end":{"line":76,"column":37323}},"32":{"start":{"line":76,"column":37286},"end":{"line":76,"column":37311}},"33":{"start":{"line":76,"column":37323},"end":{"line":76,"column":37331}},"34":{"start":{"line":76,"column":37356},"end":{"line":76,"column":37399}},"35":{"start":{"line":76,"column":37360},"end":{"line":76,"column":37387}},"36":{"start":{"line":76,"column":37399},"end":{"line":76,"column":37407}},"37":{"start":{"line":76,"column":37426},"end":{"line":76,"column":37463}},"38":{"start":{"line":76,"column":37430},"end":{"line":76,"column":37452}},"39":{"start":{"line":76,"column":37482},"end":{"line":76,"column":37522}},"40":{"start":{"line":76,"column":37486},"end":{"line":76,"column":37511}}},"fnMap":{"0":{"name":"LoginForm","decl":{"start":{"line":8,"column":24},"end":{"line":8,"column":null}},"loc":{"start":{"line":8,"column":24},"end":{"line":69,"column":null}}},"1":{"name":"userAuth","decl":{"start":{"line":15,"column":13},"end":{"line":15,"column":22}},"loc":{"start":{"line":15,"column":23},"end":{"line":43,"column":null}}},"2":{"name":"(anonymous_4)","decl":{"start":{"line":18,"column":18},"end":{"line":18,"column":19}},"loc":{"start":{"line":18,"column":19},"end":{"line":25,"column":null}}},"3":{"name":"(anonymous_5)","decl":{"start":{"line":26,"column":18},"end":{"line":26,"column":19}},"loc":{"start":{"line":26,"column":19},"end":{"line":30,"column":null}}},"4":{"name":"(anonymous_6)","decl":{"start":{"line":31,"column":18},"end":{"line":31,"column":19}},"loc":{"start":{"line":31,"column":19},"end":{"line":39,"column":null}}},"5":{"name":"(anonymous_7)","decl":{"start":{"line":40,"column":19},"end":{"line":40,"column":20}},"loc":{"start":{"line":40,"column":20},"end":{"line":42,"column":null}}},"6":{"name":"(anonymous_8)","decl":{"start":{"line":52,"column":26},"end":{"line":52,"column":27}},"loc":{"start":{"line":52,"column":33},"end":{"line":52,"column":null}}},"7":{"name":"(anonymous_9)","decl":{"start":{"line":59,"column":26},"end":{"line":59,"column":27}},"loc":{"start":{"line":59,"column":33},"end":{"line":59,"column":null}}},"8":{"name":"oo_cm","decl":{"start":{"line":76,"column":30},"end":{"line":76,"column":38}},"loc":{"start":{"line":76,"column":30},"end":{"line":76,"column":37259}}},"9":{"name":"oo_oo","decl":{"start":{"line":76,"column":37268},"end":{"line":76,"column":37274}},"loc":{"start":{"line":76,"column":37280},"end":{"line":76,"column":37333}}},"10":{"name":"oo_tr","decl":{"start":{"line":76,"column":37342},"end":{"line":76,"column":37348}},"loc":{"start":{"line":76,"column":37354},"end":{"line":76,"column":37409}}},"11":{"name":"oo_ts","decl":{"start":{"line":76,"column":37418},"end":{"line":76,"column":37426}},"loc":{"start":{"line":76,"column":37418},"end":{"line":76,"column":37465}}},"12":{"name":"oo_te","decl":{"start":{"line":76,"column":37474},"end":{"line":76,"column":37482}},"loc":{"start":{"line":76,"column":37474},"end":{"line":76,"column":37524}}}},"branchMap":{"0":{"loc":{"start":{"line":20,"column":16},"end":{"line":23,"column":null}},"type":"if","locations":[{"start":{"line":20,"column":16},"end":{"line":23,"column":null}}]},"1":{"loc":{"start":{"line":32,"column":16},"end":{"line":38,"column":null}},"type":"if","locations":[{"start":{"line":32,"column":16},"end":{"line":38,"column":null}},{"start":{"line":34,"column":23},"end":{"line":38,"column":null}}]},"2":{"loc":{"start":{"line":32,"column":20},"end":{"line":32,"column":68}},"type":"binary-expr","locations":[{"start":{"line":32,"column":20},"end":{"line":32,"column":45}},{"start":{"line":32,"column":45},"end":{"line":32,"column":68}}]},"3":{"loc":{"start":{"line":34,"column":23},"end":{"line":38,"column":null}},"type":"if","locations":[{"start":{"line":34,"column":23},"end":{"line":38,"column":null}},{"start":{"line":36,"column":23},"end":{"line":38,"column":null}}]},"4":{"loc":{"start":{"line":62,"column":13},"end":{"line":62,"column":null}},"type":"binary-expr","locations":[{"start":{"line":62,"column":13},"end":{"line":62,"column":null}}]},"5":{"loc":{"start":{"line":76,"column":49},"end":{"line":76,"column":37246}},"type":"binary-expr","locations":[{"start":{"line":76,"column":49},"end":{"line":76,"column":90}},{"start":{"line":76,"column":90},"end":{"line":76,"column":37246}}]}},"s":{"0":1,"1":1,"2":1,"3":1,"4":1,"5":1,"6":1,"7":3,"8":3,"9":3,"10":3,"11":1,"12":1,"13":1,"14":1,"15":0,"16":0,"17":1,"18":1,"19":1,"20":1,"21":1,"22":1,"23":0,"24":0,"25":0,"26":0,"27":1,"28":1,"29":2,"30":2,"31":2,"32":2,"33":2,"34":0,"35":0,"36":0,"37":0,"38":0,"39":0,"40":0},"f":{"0":3,"1":1,"2":1,"3":1,"4":1,"5":0,"6":1,"7":1,"8":2,"9":2,"10":0,"11":0,"12":0},"b":{"0":[0],"1":[1,0],"2":[1,0],"3":[0,0],"4":[3],"5":[2,1]}}
}
