TN:
SF:src/Services/LocalData.jsx
FN:1,(anonymous_3)
FN:6,(anonymous_4)
FNF:2
FNH:1
FNDA:3,(anonymous_3)
FNDA:0,(anonymous_4)
DA:1,3
DA:2,3
DA:3,3
DA:4,3
DA:6,1
DA:7,0
DA:8,0
DA:9,0
LF:8
LH:5
BRF:0
BRH:0
end_of_record
TN:
SF:src/components/LoginForm/LoginForm.jsx
FN:8,LoginForm
FN:15,userAuth
FN:18,(anonymous_4)
FN:25,(anonymous_5)
FN:29,(anonymous_6)
FN:38,(anonymous_7)
FN:50,(anonymous_8)
FN:57,(anonymous_9)
FN:74,oo_cm
FN:74,oo_oo
FN:74,oo_tr
FN:74,oo_ts
FN:74,oo_te
FNF:13
FNH:10
FNDA:14,LoginForm
FNDA:4,userAuth
FNDA:4,(anonymous_4)
FNDA:3,(anonymous_5)
FNDA:3,(anonymous_6)
FNDA:1,(anonymous_7)
FNDA:4,(anonymous_8)
FNDA:4,(anonymous_9)
FNDA:1,oo_cm
FNDA:1,oo_oo
FNDA:0,oo_tr
FNDA:0,oo_ts
FNDA:0,oo_te
DA:1,1
DA:2,1
DA:3,1
DA:4,1
DA:5,1
DA:6,1
DA:8,4
DA:9,14
DA:10,14
DA:11,14
DA:13,14
DA:16,4
DA:17,4
DA:19,4
DA:20,1
DA:21,1
DA:23,3
DA:26,3
DA:27,3
DA:30,3
DA:31,1
DA:32,2
DA:33,1
DA:35,1
DA:39,1
DA:50,4
DA:57,4
DA:74,1
LF:28
LH:28
BRDA:19,0,0,1
BRDA:30,1,0,1
BRDA:30,1,1,2
BRDA:30,2,0,3
BRDA:30,2,1,2
BRDA:32,3,0,1
BRDA:32,3,1,1
BRDA:60,4,0,14
BRDA:74,5,0,1
BRDA:74,5,1,1
BRF:10
BRH:10
end_of_record
