TN:
SF:src/Services/LocalData.jsx
FN:1,(anonymous_3)
FN:7,(anonymous_4)
FNF:2
FNH:2
FNDA:4,(anonymous_3)
FNDA:1,(anonymous_4)
DA:1,4
DA:2,4
DA:3,4
DA:4,4
DA:7,2
DA:8,1
DA:9,1
DA:10,1
LF:8
LH:8
BRF:0
BRH:0
end_of_record
TN:
SF:src/components/AddProduct/AddProduct.jsx
FN:8,AddProduct
FN:22,addNewProduct
FN:24,(anonymous_4)
FN:30,(anonymous_5)
FN:35,(anonymous_6)
FN:53,(anonymous_7)
FN:70,(anonymous_8)
FN:78,(anonymous_9)
FN:91,(anonymous_10)
FNF:9
FNH:9
FNDA:13,AddProduct
FNDA:3,addNewProduct
FNDA:2,(anonymous_4)
FNDA:2,(anonymous_5)
FNDA:1,(anonymous_6)
FNDA:2,(anonymous_7)
FNDA:2,(anonymous_8)
FNDA:2,(anonymous_9)
FNDA:2,(anonymous_10)
DA:1,1
DA:2,1
DA:3,1
DA:4,1
DA:5,1
DA:6,1
DA:8,3
DA:9,13
DA:10,13
DA:11,13
DA:12,13
DA:13,13
DA:15,13
DA:23,3
DA:25,2
DA:26,1
DA:28,2
DA:31,2
DA:32,2
DA:33,2
DA:36,1
DA:53,2
DA:70,2
DA:78,2
DA:91,2
DA:98,1
LF:26
LH:26
BRDA:25,0,0,1
BRDA:55,1,0,13
BRF:2
BRH:2
end_of_record
TN:
SF:src/components/AddUser/AddUser.jsx
FN:8,AddUser
FN:24,handleAddNewUser
FN:26,(anonymous_4)
FN:33,(anonymous_5)
FN:39,(anonymous_6)
FN:58,(anonymous_7)
FN:67,(anonymous_8)
FN:78,(anonymous_9)
FN:87,(anonymous_10)
FN:96,(anonymous_11)
FNF:10
FNH:10
FNDA:12,AddUser
FNDA:4,handleAddNewUser
FNDA:3,(anonymous_4)
FNDA:1,(anonymous_5)
FNDA:1,(anonymous_6)
FNDA:1,(anonymous_7)
FNDA:1,(anonymous_8)
FNDA:1,(anonymous_9)
FNDA:1,(anonymous_10)
FNDA:1,(anonymous_11)
DA:1,1
DA:2,1
DA:3,1
DA:4,1
DA:5,1
DA:6,1
DA:8,4
DA:9,12
DA:10,12
DA:11,12
DA:12,12
DA:13,12
DA:14,12
DA:16,12
DA:25,4
DA:27,3
DA:28,1
DA:29,2
DA:30,1
DA:32,1
DA:34,1
DA:35,1
DA:40,1
DA:58,1
DA:67,1
DA:78,1
DA:87,1
DA:96,1
DA:116,1
LF:29
LH:29
BRDA:27,0,0,1
BRDA:27,0,1,2
BRDA:29,1,0,1
BRDA:29,1,1,1
BRDA:104,2,0,12
BRF:5
BRH:5
end_of_record
TN:
SF:src/components/AllOrdersTable/AllOrdersTable.jsx
FN:10,AllOrders
FN:18,getAllOrders
FN:20,(anonymous_4)
FN:25,(anonymous_5)
FN:28,(anonymous_6)
FN:33,(anonymous_7)
FN:37,(anonymous_8)
FN:42,(anonymous_9)
FN:47,(anonymous_10)
FN:50,(anonymous_11)
FN:76,(anonymous_12)
FN:94,(anonymous_13)
FN:100,(anonymous_14)
FN:126,(anonymous_15)
FNF:14
FNH:13
FNDA:9,AllOrders
FNDA:4,getAllOrders
FNDA:4,(anonymous_4)
FNDA:4,(anonymous_5)
FNDA:0,(anonymous_6)
FNDA:3,(anonymous_7)
FNDA:1,(anonymous_8)
FNDA:2,(anonymous_9)
FNDA:1,(anonymous_10)
FNDA:1,(anonymous_11)
FNDA:1,(anonymous_12)
FNDA:4,(anonymous_13)
FNDA:4,(anonymous_14)
FNDA:1,(anonymous_15)
DA:1,1
DA:2,1
DA:3,1
DA:4,1
DA:5,1
DA:6,1
DA:7,1
DA:8,1
DA:10,3
DA:11,9
DA:12,9
DA:13,9
DA:14,8
DA:15,8
DA:16,8
DA:19,4
DA:21,4
DA:22,4
DA:26,4
DA:29,0
DA:33,8
DA:34,3
DA:37,8
DA:38,1
DA:39,1
DA:42,8
DA:43,2
DA:44,2
DA:47,8
DA:48,1
DA:49,1
DA:50,1
DA:52,1
DA:53,1
DA:76,1
DA:95,4
DA:101,4
DA:126,1
LF:38
LH:37
BRDA:21,0,0,4
BRDA:48,1,0,1
BRDA:65,2,0,0
BRDA:65,2,1,8
BRDA:112,3,0,4
BRDA:112,3,1,0
BRDA:115,4,0,4
BRDA:115,4,1,0
BRDA:124,5,0,4
BRDA:124,5,1,0
BRDA:124,6,0,4
BRDA:124,6,1,0
BRDA:133,7,0,4
BRF:13
BRH:8
end_of_record
TN:
SF:src/components/DeleteOrder/DeleteOrder.jsx
FN:5,DeleteOrder
FN:7,deleteOrderById
FN:9,(anonymous_4)
FNF:3
FNH:3
FNDA:1,DeleteOrder
FNDA:1,deleteOrderById
FNDA:1,(anonymous_4)
DA:1,1
DA:2,1
DA:3,1
DA:5,1
DA:8,1
DA:10,1
DA:11,1
DA:12,1
DA:33,1
LF:9
LH:9
BRDA:10,0,0,1
BRF:1
BRH:1
end_of_record
TN:
SF:src/components/EditProduct/EditProduct.jsx
FN:6,EditProduct
FN:26,editProductById
FN:28,(anonymous_4)
FN:34,(anonymous_5)
FN:63,(anonymous_6)
FN:71,(anonymous_7)
FN:85,(anonymous_8)
FNF:7
FNH:6
FNDA:5,EditProduct
FNDA:2,editProductById
FNDA:2,(anonymous_4)
FNDA:0,(anonymous_5)
FNDA:1,(anonymous_6)
FNDA:1,(anonymous_7)
FNDA:1,(anonymous_8)
DA:1,1
DA:2,1
DA:3,1
DA:4,1
DA:5,1
DA:6,2
DA:15,5
DA:16,5
DA:17,5
DA:19,5
DA:27,2
DA:29,2
DA:30,1
DA:31,1
DA:35,0
DA:63,1
DA:71,1
DA:85,1
DA:92,1
LF:19
LH:18
BRDA:29,0,0,1
BRF:1
BRH:1
end_of_record
TN:
SF:src/components/Header/Header.jsx
FN:7,Header
FN:12,signOut
FNF:2
FNH:2
FNDA:2,Header
FNDA:1,signOut
DA:1,1
DA:2,1
DA:3,1
DA:4,1
DA:5,1
DA:7,2
DA:9,2
DA:10,2
DA:13,1
DA:14,1
DA:15,1
DA:16,1
LF:12
LH:12
BRF:0
BRH:0
end_of_record
TN:
SF:src/components/LoginForm/LoginForm.jsx
FN:8,LoginForm
FN:15,userAuth
FN:18,(anonymous_4)
FN:25,(anonymous_5)
FN:29,(anonymous_6)
FN:38,(anonymous_7)
FN:50,(anonymous_8)
FN:57,(anonymous_9)
FNF:8
FNH:8
FNDA:13,LoginForm
FNDA:4,userAuth
FNDA:4,(anonymous_4)
FNDA:3,(anonymous_5)
FNDA:3,(anonymous_6)
FNDA:1,(anonymous_7)
FNDA:4,(anonymous_8)
FNDA:4,(anonymous_9)
DA:1,1
DA:2,1
DA:3,1
DA:4,1
DA:5,1
DA:6,1
DA:8,4
DA:9,13
DA:10,13
DA:11,13
DA:13,13
DA:16,4
DA:17,4
DA:19,4
DA:20,1
DA:21,1
DA:23,3
DA:26,3
DA:27,3
DA:30,3
DA:31,1
DA:32,2
DA:33,1
DA:35,1
DA:39,1
DA:50,4
DA:57,4
LF:27
LH:27
BRDA:19,0,0,1
BRDA:30,1,0,1
BRDA:30,1,1,2
BRDA:30,2,0,3
BRDA:30,2,1,2
BRDA:32,3,0,1
BRDA:32,3,1,1
BRDA:60,4,0,13
BRF:8
BRH:8
end_of_record
TN:
SF:src/components/Modal/Modal.jsx
FN:4,Modal
FNF:1
FNH:1
FNDA:31,Modal
DA:1,4
DA:2,4
DA:4,31
DA:62,4
LF:4
LH:4
BRDA:28,0,0,18
BRDA:28,0,1,13
BRDA:28,1,0,31
BRDA:28,1,1,18
BRDA:30,2,0,12
BRDA:30,2,1,1
BRDA:30,3,0,13
BRDA:30,3,1,1
BRF:8
BRH:8
end_of_record
TN:
SF:src/components/Navigate/Navigate.jsx
FN:3,NavigateTo
FN:6,(anonymous_2)
FNF:2
FNH:1
FNDA:9,NavigateTo
FNDA:0,(anonymous_2)
DA:1,1
DA:3,9
DA:4,9
DA:6,8
DA:7,0
DA:10,8
LF:6
LH:5
BRF:0
BRH:0
end_of_record
